<?xml version="1.0" encoding="UTF-8"?>
<testng-results ignored="1" total="7" passed="6" failed="0" skipped="0">
  <reporter-output>
  </reporter-output>
  <suite started-at="2020-02-08T20:05:40 IST" name="Suite" finished-at="2020-02-08T20:05:40 IST" duration-ms="239">
    <groups>
    </groups>
    <test started-at="2020-02-08T20:05:40 IST" name="Test" finished-at="2020-02-08T20:05:40 IST" duration-ms="239">
      <class name="com.ATTADMSales.salesproject.Sales02">
        <test-method signature="testff01()[pri:0, instance:com.ATTADMSales.salesproject.Sales02@e4487af]" started-at="2020-02-08T20:05:40 IST" name="testff01" finished-at="2020-02-08T20:05:40 IST" duration-ms="16" status="PASS">
          <reporter-output>
          </reporter-output>
        </test-method> <!-- testff01 -->
        <test-method signature="testff()[pri:0, instance:com.ATTADMSales.salesproject.Sales02@e4487af]" started-at="2020-02-08T20:05:40 IST" name="testff" finished-at="2020-02-08T20:05:40 IST" duration-ms="0" status="PASS">
          <reporter-output>
          </reporter-output>
        </test-method> <!-- testff -->
        <test-method signature="testff02()[pri:0, instance:com.ATTADMSales.salesproject.Sales02@e4487af]" started-at="2020-02-08T20:05:40 IST" name="testff02" finished-at="2020-02-08T20:05:40 IST" duration-ms="0" status="PASS">
          <reporter-output>
          </reporter-output>
        </test-method> <!-- testff02 -->
      </class> <!-- com.ATTADMSales.salesproject.Sales02 -->
      <class name="com.ATTADMSales.salesproject.Sales01">
        <test-method is-config="true" signature="initsetup()[pri:0, instance:com.ATTADMSales.salesproject.Sales01@687e99d8]" started-at="2020-02-08T20:05:40 IST" name="initsetup" finished-at="2020-02-08T20:05:40 IST" duration-ms="154" status="PASS">
          <reporter-output>
          </reporter-output>
        </test-method> <!-- initsetup -->
        <test-method signature="testff()[pri:0, instance:com.ATTADMSales.salesproject.Sales01@687e99d8]" started-at="2020-02-08T20:05:40 IST" name="testff" finished-at="2020-02-08T20:05:40 IST" duration-ms="23" status="PASS">
          <reporter-output>
          </reporter-output>
        </test-method> <!-- testff -->
        <test-method signature="testff01()[pri:0, instance:com.ATTADMSales.salesproject.Sales01@687e99d8]" started-at="2020-02-08T20:05:40 IST" name="testff01" finished-at="2020-02-08T20:05:40 IST" duration-ms="0" status="PASS">
          <reporter-output>
          </reporter-output>
        </test-method> <!-- testff01 -->
        <test-method signature="testff02()[pri:0, instance:com.ATTADMSales.salesproject.Sales01@687e99d8]" started-at="2020-02-08T20:05:40 IST" name="testff02" finished-at="2020-02-08T20:05:40 IST" duration-ms="15" status="PASS">
          <reporter-output>
          </reporter-output>
        </test-method> <!-- testff02 -->
      </class> <!-- com.ATTADMSales.salesproject.Sales01 -->
    </test> <!-- Test -->
  </suite> <!-- Suite -->
</testng-results>
