<?xml version="1.0" encoding="UTF-8"?>
<!-- Generated by org.testng.reporters.JUnitXMLReporter -->
<testsuite ignored="1" hostname="DESKTOP-8IGGCSM" failures="0" tests="6" name="Test" time="0.239" errors="0" timestamp="2020-02-08T20:05:40 IST">
  <testcase classname="com.ATTADMSales.salesproject.Sales01" name="testff" time="0.023"/>
  <testcase classname="com.ATTADMSales.salesproject.Sales01" name="testff01" time="0.0"/>
  <testcase classname="com.ATTADMSales.salesproject.Sales01" name="testff02" time="0.015"/>
  <testcase classname="com.ATTADMSales.salesproject.Sales02" name="testff" time="0.0"/>
  <testcase classname="com.ATTADMSales.salesproject.Sales02" name="testff01" time="0.016"/>
  <testcase classname="com.ATTADMSales.salesproject.Sales02" name="testff02" time="0.0"/>
  <testcase classname="com.ATTADMSales.salesproject.BaseClass" name="@BeforeTest initsetup" time="0.0">
    <ignored/>
  </testcase> <!-- @BeforeTest initsetup -->
</testsuite> <!-- Test -->
